[debug] [2022-08-27T04:28:15.455Z] ----------------------------------------------------------------------
[debug] [2022-08-27T04:28:15.468Z] Command:       C:\Users\ahmed\coding\Nodejs\node.exe C:\Users\ahmed\AppData\Roaming\npm\node_modules\firebase-tools\lib\bin\firebase.js init
[debug] [2022-08-27T04:28:15.471Z] CLI Version:   11.8.0
[debug] [2022-08-27T04:28:15.471Z] Platform:      win32
[debug] [2022-08-27T04:28:15.472Z] Node Version:  v16.16.0
[debug] [2022-08-27T04:28:15.535Z] Time:          Sat Aug 27 2022 06:28:15 GMT+0200 (Eastern European Standard Time)
[debug] [2022-08-27T04:28:15.536Z] ----------------------------------------------------------------------
[debug] 
[debug] [2022-08-27T04:28:15.583Z] >>> [apiv2][query] GET https://firebase-public.firebaseio.com/cli.json [none]
[debug] [2022-08-27T04:28:15.675Z] > command requires scopes: ["email","openid","https://www.googleapis.com/auth/cloudplatformprojects.readonly","https://www.googleapis.com/auth/firebase","https://www.googleapis.com/auth/cloud-platform"]
[debug] [2022-08-27T04:28:15.676Z] > authorizing via signed-in user (ahmedebrahimz930@gmail.com)
[info] 
     ######## #### ########  ######## ########     ###     ######  ########
     ##        ##  ##     ## ##       ##     ##  ##   ##  ##       ##
     ######    ##  ########  ######   ########  #########  ######  ######
     ##        ##  ##    ##  ##       ##     ## ##     ##       ## ##
     ##       #### ##     ## ######## ########  ##     ##  ######  ########

You're about to initialize a Firebase project in this directory:

  C:\Users\ahmed\coding\learn to code\movie-app-vuejs

[debug] [2022-08-27T04:28:16.387Z] <<< [apiv2][status] GET https://firebase-public.firebaseio.com/cli.json 200
[debug] [2022-08-27T04:28:16.389Z] <<< [apiv2][body] GET https://firebase-public.firebaseio.com/cli.json {"cloudBuildErrorAfter":1594252800000,"cloudBuildWarnAfter":1590019200000,"defaultNode10After":1594252800000,"minVersion":"3.0.5","node8DeploysDisabledAfter":1613390400000,"node8RuntimeDisabledAfter":1615809600000,"node8WarnAfter":1600128000000}
[debug] [2022-08-27T04:28:17.298Z] Error: EPERM: operation not permitted, rename 'C:\Users\ahmed\.config\configstore\firebase-tools.json.1837591294' -> 'C:\Users\ahmed\.config\configstore\firebase-tools.json'
    at Object.renameSync (node:fs:993:3)
    at Function.writeFileSync [as sync] (C:\Users\ahmed\AppData\Roaming\npm\node_modules\firebase-tools\node_modules\write-file-atomic\index.js:244:8)
    at Configstore.set all [as all] (C:\Users\ahmed\AppData\Roaming\npm\node_modules\firebase-tools\node_modules\configstore\index.js:61:20)
    at Configstore.set (C:\Users\ahmed\AppData\Roaming\npm\node_modules\firebase-tools\node_modules\configstore\index.js:91:12)
    at C:\Users\ahmed\AppData\Roaming\npm\node_modules\firebase-tools\lib\fetchMOTD.js:35:39
    at processTicksAndRejections (node:internal/process/task_queues:96:5)
[error] 
[error] Error: An unexpected error has occurred.
